Build started 11/25/2015 7:32:23 PM.
     1>Project "C:\Users\Sam Dubner\Documents\Visual Studio 2015\Projects\Mac Calculator\Mac Calculator\Mac Calculator.vcxproj" on node 2 (Build target(s)).
     1>ClCompile:
         C:\Program Files (x86)\Microsoft Visual Studio 14.0\VC\bin\CL.exe /c /Zi /nologo /W3 /WX- /sdl /O2 /Oi /Oy- /GL /D WIN32 /D NDEBUG /D _CONSOLE /D _UNICODE /D UNICODE /Gm- /EHsc /MD /GS /Gy /fp:precise /Zc:wchar_t /Zc:forScope /Zc:inline /Fo"Release\\" /Fd"Release\vc140.pdb" /Gd /TP /analyze- /errorReport:prompt Intro.cpp
         Intro.cpp
       Link:
         C:\Program Files (x86)\Microsoft Visual Studio 14.0\VC\bin\link.exe /ERRORREPORT:PROMPT /OUT:"C:\Users\Sam Dubner\Documents\Visual Studio 2015\Projects\Mac Calculator\Release\Mac Calculator.exe" /INCREMENTAL:NO /NOLOGO kernel32.lib user32.lib gdi32.lib winspool.lib comdlg32.lib advapi32.lib shell32.lib ole32.lib oleaut32.lib uuid.lib odbc32.lib odbccp32.lib /MANIFEST /MANIFESTUAC:"level='asInvoker' uiAccess='false'" /manifest:embed /Debug /PDB:"C:\Users\Sam Dubner\Documents\Visual Studio 2015\Projects\Mac Calculator\Release\Mac Calculator.pdb" /SUBSYSTEM:CONSOLE /OPT:REF /OPT:ICF /LTCG:incremental /TLBID:1 /DYNAMICBASE /NXCOMPAT /IMPLIB:"C:\Users\Sam Dubner\Documents\Visual Studio 2015\Projects\Mac Calculator\Release\Mac Calculator.lib" /MACHINE:X86 /SAFESEH Release\Addition.obj
         Release\Division.obj
         Release\Intro.obj
         Release\Main.obj
         Release\Mod.obj
         Release\Multiplication.obj
         Release\Squaring.obj
         Release\Subtraction.obj
         Generating code
         2 of 108 functions ( 1.9%) were compiled, the rest were copied from previous compilation.
           0 functions were new in current compilation
           6 functions had inline decision re-evaluated but remain unchanged
         Finished generating code
         Mac Calculator.vcxproj -> C:\Users\Sam Dubner\Documents\Visual Studio 2015\Projects\Mac Calculator\Release\Mac Calculator.exe
     1>Done Building Project "C:\Users\Sam Dubner\Documents\Visual Studio 2015\Projects\Mac Calculator\Mac Calculator\Mac Calculator.vcxproj" (Build target(s)).

Build succeeded.

Time Elapsed 00:00:00.58
